DEBUG> 13:24:02/505  ========================= CONTROLLER-START =========================
DEBUG> 13:24:02/505  **** Start controller #0 robotcontroller.Test
DEB#0> 13:24:02/507  Manipulator Redundant arm with 5DOF + wrist, location (0.0 0.0 0.0 ), orientation 0.0°
DEB#0> 13:24:02/513  moveWristTo 40.0 -40.0 50.0 0.0° -90.0° 45.0°
DEB#0> 13:24:02/582  Wait movement to complete TEST von Obadaaa
DEB#0> 13:24:05/559  Movement completed
DEB#0> 13:24:05/561  moveWristLinearTo 40.0 -40.0 30.0 0.0° -90.0° 45.0°
DEB#0> 13:24:05/581  Wait movement to complete
DEB#0> 13:24:06/778  Movement completed
DEB#0> 13:24:07/187  moveWristLinearTo 40.0 -40.0 70.0 0.0° -90.0° 45.0°
DEB#0> 13:24:07/215  Wait movement to complete
DEB#0> 13:24:09/532  Movement completed
DEB#0> 13:24:09/533  moveWristLinearTo 40.0 -40.0 70.0 0.0° 0.0° 0.0°
DEB#0> 13:24:09/533  Wait movement to complete
DEB#0> 13:24:12/989  Movement completed
DEB#0> 13:24:12/989  moveWristLinearTo 40.0 -40.0 70.0 0.0° -90.0° 45.0°
DEB#0> 13:24:12/990  Wait movement to complete
DEB#0> 13:24:16/446  Movement completed
DEB#0> 13:24:17/209  moveWristTo 60.0 20.0 50.0 0.0° -90.0° 45.0°
DEB#0> 13:24:17/261  Wait movement to complete TEST von Obadaaa
DEB#0> 13:24:19/544  Movement completed
DEB#0> 13:24:19/545  moveWristLinearTo 60.0 20.0 30.0 0.0° -90.0° 45.0°
DEB#0> 13:24:19/558  Wait movement to complete
DEB#0> 13:24:20/559  Movement completed
DEB#0> 13:24:21/319  moveWristLinearTo 60.0 20.0 70.0 0.0° -90.0° 45.0°
DEB#0> 13:24:21/358  Wait movement to complete
