No Robot Controller thread #0 instantiated
No Robot Controller thread #0 instantiated
13:24:02/937  *** #0 RUNNING ***
#0      java.base/java.lang.Object.wait0(Native Method)
#0      java.base/java.lang.Object.wait(Object.java:375)
#0      java.base/java.lang.Object.wait(Object.java:348)
#0      Simulator/kin.execmodels.ManipulatorModel.doWait(ManipulatorModel.java:548)
#0      Simulator/kin.execmodels.ManipulatorModel.waitOngoingMovementCompleted(ManipulatorModel.java:541)
#0      Robotcontroller/robotcontroller.Test.moveGripper(Test.java:198)
#0      Robotcontroller/robotcontroller.Test.run(Test.java:112)
13:24:04/938  *** #0 RUNNING ***
#0      java.base/java.lang.Object.wait0(Native Method)
#0      java.base/java.lang.Object.wait(Object.java:375)
#0      java.base/java.lang.Object.wait(Object.java:348)
#0      Simulator/kin.execmodels.ManipulatorModel.doWait(ManipulatorModel.java:548)
#0      Simulator/kin.execmodels.ManipulatorModel.waitOngoingMovementCompleted(ManipulatorModel.java:541)
#0      Robotcontroller/robotcontroller.Test.moveGripper(Test.java:198)
#0      Robotcontroller/robotcontroller.Test.run(Test.java:112)
13:24:06/940  *** #0 RUNNING ***
#0      java.base/java.lang.Object.wait0(Native Method)
#0      java.base/java.lang.Object.wait(Object.java:375)
#0      java.base/java.lang.Object.wait(Object.java:348)
#0      Simulator/kin.dyn.LinearMotorComponent.doWait(LinearMotorComponent.java:192)
#0      Simulator/kin.dyn.LinearMotorComponent.waitTargetReached(LinearMotorComponent.java:167)
#0      Simulator/kin.execmodels.ManipulatorModel.waitCurrentMovementCompleted(ManipulatorModel.java:585)
#0      Robotcontroller/robotcontroller.Test.closeGripper(Test.java:149)
#0      Robotcontroller/robotcontroller.Test.run(Test.java:115)
13:24:08/940  *** #0 RUNNING ***
#0      java.base/java.lang.Object.wait0(Native Method)
#0      java.base/java.lang.Object.wait(Object.java:375)
#0      java.base/java.lang.Object.wait(Object.java:348)
#0      Simulator/kin.execmodels.ManipulatorModel.doWait(ManipulatorModel.java:548)
#0      Simulator/kin.execmodels.ManipulatorModel.waitOngoingMovementCompleted(ManipulatorModel.java:541)
#0      Robotcontroller/robotcontroller.Test.moveGripperLinear(Test.java:169)
#0      Robotcontroller/robotcontroller.Test.run(Test.java:117)
13:24:10/941  *** #0 RUNNING ***
#0      java.base/java.lang.Object.wait0(Native Method)
#0      java.base/java.lang.Object.wait(Object.java:375)
#0      java.base/java.lang.Object.wait(Object.java:348)
#0      Simulator/kin.execmodels.ManipulatorModel.doWait(ManipulatorModel.java:548)
#0      Simulator/kin.execmodels.ManipulatorModel.waitOngoingMovementCompleted(ManipulatorModel.java:541)
#0      Robotcontroller/robotcontroller.Test.moveGripperLinear(Test.java:169)
#0      Robotcontroller/robotcontroller.Test.run(Test.java:119)
13:24:12/942  *** #0 RUNNING ***
#0      java.base/java.lang.Object.wait0(Native Method)
#0      java.base/java.lang.Object.wait(Object.java:375)
#0      java.base/java.lang.Object.wait(Object.java:348)
#0      Simulator/kin.execmodels.ManipulatorModel.doWait(ManipulatorModel.java:548)
#0      Simulator/kin.execmodels.ManipulatorModel.waitOngoingMovementCompleted(ManipulatorModel.java:541)
#0      Robotcontroller/robotcontroller.Test.moveGripperLinear(Test.java:169)
#0      Robotcontroller/robotcontroller.Test.run(Test.java:119)
13:24:14/942  *** #0 RUNNING ***
#0      java.base/java.lang.Object.wait0(Native Method)
#0      java.base/java.lang.Object.wait(Object.java:375)
#0      java.base/java.lang.Object.wait(Object.java:348)
#0      Simulator/kin.execmodels.ManipulatorModel.doWait(ManipulatorModel.java:548)
#0      Simulator/kin.execmodels.ManipulatorModel.waitOngoingMovementCompleted(ManipulatorModel.java:541)
#0      Robotcontroller/robotcontroller.Test.moveGripperLinear(Test.java:169)
#0      Robotcontroller/robotcontroller.Test.run(Test.java:121)
13:24:16/943  *** #0 RUNNING ***
#0      java.base/java.lang.Object.wait0(Native Method)
#0      java.base/java.lang.Object.wait(Object.java:375)
#0      java.base/java.lang.Object.wait(Object.java:348)
#0      Simulator/kin.dyn.LinearMotorComponent.doWait(LinearMotorComponent.java:192)
#0      Simulator/kin.dyn.LinearMotorComponent.waitTargetReached(LinearMotorComponent.java:167)
#0      Simulator/kin.execmodels.ManipulatorModel.waitCurrentMovementCompleted(ManipulatorModel.java:585)
#0      Robotcontroller/robotcontroller.Test.openGripper(Test.java:143)
#0      Robotcontroller/robotcontroller.Test.run(Test.java:122)
13:24:18/944  *** #0 RUNNING ***
#0      java.base/java.lang.Object.wait0(Native Method)
#0      java.base/java.lang.Object.wait(Object.java:375)
#0      java.base/java.lang.Object.wait(Object.java:348)
#0      Simulator/kin.execmodels.ManipulatorModel.doWait(ManipulatorModel.java:548)
#0      Simulator/kin.execmodels.ManipulatorModel.waitOngoingMovementCompleted(ManipulatorModel.java:541)
#0      Robotcontroller/robotcontroller.Test.moveGripper(Test.java:198)
#0      Robotcontroller/robotcontroller.Test.run(Test.java:124)
13:24:20/944  *** #0 RUNNING ***
#0      java.base/java.lang.Object.wait0(Native Method)
#0      java.base/java.lang.Object.wait(Object.java:375)
#0      java.base/java.lang.Object.wait(Object.java:348)
#0      Simulator/kin.dyn.LinearMotorComponent.doWait(LinearMotorComponent.java:192)
#0      Simulator/kin.dyn.LinearMotorComponent.waitTargetReached(LinearMotorComponent.java:167)
#0      Simulator/kin.execmodels.ManipulatorModel.waitCurrentMovementCompleted(ManipulatorModel.java:585)
#0      Robotcontroller/robotcontroller.Test.closeGripper(Test.java:149)
#0      Robotcontroller/robotcontroller.Test.run(Test.java:127)
